🧭 Navigator scheduler running...
📅 Daily briefing scheduled for 05:30 CAT
⏰ Running Navigator at 05:18
🧭 Navigator — Reading Vanguard channels...

📊 Scanned 225 messages across 13 channels
🚨 Found 62 important messages

=== IMPORTANT MESSAGES ===

[Jobs to Be Done] 2026-02-27 23:39
Statuts: Submitted and Under Review

[Chasing Jarvis] 2026-03-10 09:29
Just a heads up for all Context engineers and vibe coders, the augment code Intent app is now offering free GPT 5.4 credits (limited time), which is amazing because otherwise this is quite costly. Che

[Chasing Jarvis] 2026-03-10 09:26
Great work, Nardus. I think this is an excellent idea and an excellent implementation of AI in a useful task. We need to talk a little bit about the tag behind. So I recommend to power this by the Goo

[Chasing Jarvis] 2026-03-09 12:05
Dr. Tali — it's a live build so no polished interface yet, but here's the repo: https://github.com/nardusduplooy-hue/navigator
Navigator is already reading the Vanguard Telegram channels, storing mess

[Chasing Jarvis] 2026-03-09 11:32
I just published a new article, perfect for building your AI Coding agents general knowdledge. The forum in the comments is open. Here is the post link: https://www.linkedin.com/posts/talirezun_intent

[Chasing Jarvis] 2026-03-07 17:51
Thank you for sharing🙏🏽, this session was very insightful!

[Chasing Jarvis] 2026-03-07 17:39
Thank you for your great session Dr. Tali

[Chasing Jarvis] 2026-03-07 17:38
Thank you all for participation. Here are the slides for todays session. Have a great weekend. Best Tali

[Chasing Jarvis] 2026-03-07 17:36
meeting is over

[Chasing Jarvis] 2026-03-07 17:36
I'm trying to get in the meeting again. But it's not possible.

[General Chat] 2026-03-04 14:02
🚀 Chasing Jarvis starts THIS SATURDAY!

Dear Vanguard MBA cohort,

The moment we've been building toward is almost here. Chasing Jarvis: AI Agents and the Future of Entrepreneurial Innovation official

[General Chat] 2026-03-03 15:08
Cotrugli GLOBAL is inviting you to a scheduled Zoom meeting.

Topic: Vanguard Session 7
Time: Mar 7, 2026 05:00 PM Belgrade, Bratislava, Ljubljana
Join Zoom Meeting
https://cotrugli.online/groups/vang

[General Chat] 2026-03-03 13:45
Final part of exam
https://cotrugli.online/courses/vanguard-future-of-work/lessons/final-assignment-upload-written-essay-by-march-23-2026-1900-cet/
(will be open in 15 minutes)

[General Chat] 2026-03-03 13:43
https://cotrugli.online/courses/vanguard-future-of-work/

[General Chat] 2026-03-03 13:38
seems like it will open again at 3pm CET

[eX / Vanguard Chiefs] 2026-01-21 13:06
Cotrugli provides the counter-doctrine: commerce in reputation networks cannot function long-term without virtue. The “perfect merchant” is not moral decoration; he is a systems requirement. Trust, pr

[eX / Vanguard Chiefs] 2026-01-21 13:06
Example of work we will do in our lab: LAB QUESTION (not a decision)
We are trying to understand what kind of “polis” is forming in the NEO era—network/platform/ecosystem/tribe—and, within that polis,

[eX / Vanguard Chiefs] 2026-01-18 22:49
2. You’ve touched on the deepest layer: context.
Machiavellian strategies dont win by acciden. They operate in current scarcity-driven, zero-sum, low-transparency environments.
And you’re right: sheep

[eX / Vanguard Chiefs] 2026-01-18 21:29
I read all the information and detail shared to date. From my side it’s clear that my management style, culture and personality aligns with Cotruglain leadership approach. The point that I am contempl

[Tenders] 2026-02-23 19:25
MATCHING GRANTS SCHEME UNDER THE GREEN HEART OF AFRICA – TIKOPE ALENDO NDI ZACHILNGEDWE M’MALAWI (TAZA) PROGRAMME Programme:
details/185600PROSPECTSEN
European Commission (EC) - International Partners

[Tenders] 2026-02-23 12:59
Dear Vanguards, I hope you are well. I am looking for a consulting firm that I could partner with in the field of result based financing independent verification (auditing) for energy access projects.

[Tenders] 2026-02-13 11:42
Been going through the shared links here

The second link says page does not exist

Then the first page requires nominations. So if you want you project to be nominated then maybe it is time you share

[Tenders] 2026-01-09 19:08
Call Title: Improving Climate and Weather Models for Africa Objective: The European Commission is inviting grant applications to strengthen weather and climate modelling in Africa to support more effe

[Tenders] 2026-01-09 19:07
Call Title: Entries open for VinFuture Prize Objective: The VinFuture Prize honors scientific research and breakthrough technological innovations that can make a significant difference in the daily li

[Philosophy Lab] 2026-02-13 08:50
From Cotrugli to NCTE: Why the Machine Economy Needs a Third Entry
https://www.linkedin.com/pulse/from-cotrugli-ncte-why-machine-economy-needs-third-entry-kapusta-z6apf?utm_source=share&utm_medium=mem

[Philosophy Lab] 2026-02-03 20:01
Does this one link help?

https://cotrugli.online/members/david_wampamba

[Philosophy Lab] 2026-02-03 14:08
https://cotrugli.online/members/raymond_nisingizwe/

[Hult Challenge] 2026-02-02 20:52
https://www.linkedin.com/posts/technet-21_february-technet-webinar-from-last-mile-activity-7424135696002678784-8I8o?utm_source=social_share_send&utm_medium=android_app&rcm=ACoAAA9aNfsB-tDhY1wQ6hJPWfpN

[Hult Challenge] 2025-11-25 18:20
"Turning a green space into a 'war room' for distributed leadership is genius. The tactile rituals walking barefoot, tying the ndop cloth, planting seeds make the strategic process immersive and unfor

[Portal Support] 2025-12-27 14:06
Dear all,
Please check your e-mail and log in to the Vanguard MBA online portal, as the program starts tomorrow.
You have received an e-mail with a password setup link and access details for cotrugli.

[Portal Support] 2025-12-27 12:50
Please make sure that everyone joins today’s Zoom session through the cotrugli.online platform.
Thank you in advance!

[Portal Support] 2025-12-26 19:58
Dear everyone,
Just a friendly reminder that the Intro to the Vanguard MBA session will take place tomorrow (27.12) at 5:00 PM CET on Zoom.
Please make sure you have access to the cotrugli.online port

[Portal Support] 2025-12-18 18:31
VANGUARDS - FIRST MISSION
Brothers and sisters,
In 72 hours, we begin.
But first: Know the terrain.
READ THIS ARTICLE 

This is who we are. This is what we're building. This is why it matters.
YOUR TA

[Portal Support] 2025-12-18 18:29
https://www.linkedin.com/pulse/neo-cotruglian-philosophy-leadership-operating-system-drazen-kapusta-z03of/

[General Discussion] 2025-12-01 01:14
https://worldbusinessmuseum.com  
 It is believed that the true architects of our world are not those who rule by fear, but those who built the networks of trust that allow strangers to trade and coll

[General Discussion] 2025-12-01 01:14
Cotruglian philosophy is appreciated in a ratio of less than 1.000.000/1 
Our story begins, as it often does, with the famous one. 
Picture Machiavelli in his study, a man exiled and embittered.
 He h

[Announcements] 2026-03-10 14:02
https://form.typeform.com/to/SuZgQXne

[Announcements] 2026-03-10 09:28
https://wellcome.org

[Announcements] 2026-03-10 09:25
https://project-spark.africa/joint-innovation-facility/

[Announcements] 2026-03-08 09:25
A phone call that saves lives
https://www.linkedin.com/pulse/phone-call-saves-lives-bill-gates-yspvc?utm_source=share&utm_medium=member_android&utm_campaign=share_via

[Announcements] 2026-03-06 09:20
https://x.com/thewildstevenp/status/2029602933470306450

[Announcements] 2026-03-06 07:46
See you all tomorrow,  we will start to chase Jarvis ;)

[Announcements] 2026-03-06 07:45
https://youtu.be/I08ZeY7QcrE?is=sFVt58THvatB-BpT

[Announcements] 2026-02-27 08:09
On the other side...

https://rentahuman.ai/

[Entrepreneurship] 2026-02-21 16:57
Initially, I was facing a challenge with the audio as well so I turned on the captions on zoom and started following the conversation from the captions instead.

[Entrepreneurship] 2026-02-21 16:55
It started well but then following the discussions beccme a problem due to audio challenges

[Entrepreneurship] 2026-02-21 08:20
You can find the Zoom link below:
[https://cotrugli.zoom.us/j/85185453325?pwd=BfPZ91tKyZJ91bE8h7UMDyBPbhjhhm.1](https://cotrugli.zoom.us/j/85185453325?pwd=BfPZ91tKyZJ91bE8h7UMDyBPbhjhhm.1)
Meeting ID:

[Entrepreneurship] 2026-02-21 08:10
Have managed to be accept into the session as yet?

[Entrepreneurship] 2026-02-21 08:04
Guys whats the link for today's session?

[Entrepreneurship] 2026-02-20 07:46
And I had submitted my work on time yet I don’t have that link

[Entrepreneurship] 2026-02-20 07:45
The one you have seen is for 21st yet there is another personalized link for today’s session

[Introduce Yourself] 2026-01-24 15:34
are we doing the session at 4.30 or 5?

[Introduce Yourself] 2026-01-23 11:31
https://www.linkedin.com/posts/talirezun_mbaprogram-vanguardmba-cotruglibusinessschool-activity-7420045081174458368-wYSv?utm_source=share&utm_medium=member_android&rcm=ACoAAABVXjQBjD1rAkelAiZQjLIpnQRQ

[Introduce Yourself] 2026-01-21 13:09
https://www.linkedin.com/posts/ivana-pupic-52991318_ivana-pupic-manager-for-talent-aquisition-activity-7409186196943171584-W20-?utm_source=share&utm_medium=member_android&rcm=ACoAAABVXjQBjD1rAkelAiZQj

[Introduce Yourself] 2026-01-21 08:50
https://www.linkedin.com/posts/maticmeglic_cotrugli-mba-strongertogether-activity-7418388635479105537-V6KC?utm_source=share&utm_medium=member_android&rcm=ACoAAABVXjQBjD1rAkelAiZQjLIpnQRQFS6tooE

[Introduce Yourself] 2026-01-21 08:48
https://www.linkedin.com/posts/tatjana-skoko-a909a91_tatjana-skoko-cotrugli-activity-7418003377772650496-ghWw?utm_source=share&utm_medium=member_android&rcm=ACoAAABVXjQBjD1rAkelAiZQjLIpnQRQFS6tooE

[Introduce Yourself] 2025-12-31 21:39
Happy new year 2026, Vanguard leaders 🎆🎉

[Introduce Yourself] 2025-12-31 04:24
Hello everyone 👋

My name is Tiana Rafanoharana, and I’m from Madagascar. I’m delighted to be joining this group and getting to know you all.

I currently work as a Senior Communication Officer at a l

[Introduce Yourself] 2025-12-30 09:10
Hello everyone,

My name is Matthys van Rooyen, and I'm excited to join this Vanguard MBA journey with you all. I'm a Machine Learning and Software Engineer based in Pretoria, South Africa, working at

[Introduce Yourself] 2025-12-27 14:48
I am Luka De Marco form Zagreb, Croatia. I'm a business owner with a background in sociology and economics, driven by a strong passion for solving complex problems and transforming systems that are no

[Introduce Yourself] 2025-12-16 12:19
Hello all,

My name is David Nene, I'm an AI Engineer focusing on developing intelligent systems. I'm currently based in Nairobi, Kenya.

I have a startup called Advernet Africa that's involved in Res

[Introduce Yourself] 2025-12-12 16:00
**Hellooo!

I’m Laissa ISIMBI from Rwanda. Currently, I work as a PO(Product Owner). I engage with users to understand their pain points, needs to come up with digital solutions that are both feasible


✅ All data saved to navigator_data.json
