Traceback (most recent call last):
  File "/Users/nardusduplooy/Documents/navigator/scheduler.py", line 2, in <module>
    import schedule
ModuleNotFoundError: No module named 'schedule'
Traceback (most recent call last):
  File "/Users/nardusduplooy/Documents/navigator/scheduler.py", line 2, in <module>
    import schedule
ModuleNotFoundError: No module named 'schedule'
Traceback (most recent call last):
  File "/Users/nardusduplooy/Documents/navigator/scheduler.py", line 2, in <module>
    import schedule
ModuleNotFoundError: No module named 'schedule'
Traceback (most recent call last):
  File "/Users/nardusduplooy/Documents/navigator/scheduler.py", line 2, in <module>
    import schedule
ModuleNotFoundError: No module named 'schedule'
Traceback (most recent call last):
  File "/Users/nardusduplooy/Documents/navigator/scheduler.py", line 2, in <module>
    import schedule
ModuleNotFoundError: No module named 'schedule'
Traceback (most recent call last):
  File "/Users/nardusduplooy/Documents/navigator/scheduler.py", line 2, in <module>
    import schedule
ModuleNotFoundError: No module named 'schedule'
Traceback (most recent call last):
  File "/Users/nardusduplooy/Documents/navigator/scheduler.py", line 2, in <module>
    import schedule
ModuleNotFoundError: No module named 'schedule'
Traceback (most recent call last):
  File "/Users/nardusduplooy/Documents/navigator/scheduler.py", line 2, in <module>
    import schedule
ModuleNotFoundError: No module named 'schedule'
Traceback (most recent call last):
  File "/Users/nardusduplooy/Documents/navigator/scheduler.py", line 2, in <module>
    import schedule
ModuleNotFoundError: No module named 'schedule'
Traceback (most recent call last):
  File "/Users/nardusduplooy/Documents/navigator/scheduler.py", line 2, in <module>
    import schedule
ModuleNotFoundError: No module named 'schedule'
Traceback (most recent call last):
  File "/Users/nardusduplooy/Documents/navigator/scheduler.py", line 2, in <module>
    import schedule
ModuleNotFoundError: No module named 'schedule'
Traceback (most recent call last):
  File "/Users/nardusduplooy/Documents/navigator/scheduler.py", line 2, in <module>
    import schedule
ModuleNotFoundError: No module named 'schedule'
Traceback (most recent call last):
  File "/Users/nardusduplooy/Documents/navigator/scheduler.py", line 2, in <module>
    import schedule
ModuleNotFoundError: No module named 'schedule'
Traceback (most recent call last):
  File "/Users/nardusduplooy/Documents/navigator/scheduler.py", line 2, in <module>
    import schedule
ModuleNotFoundError: No module named 'schedule'
Attempt 1 at connecting failed: OSError: [Errno 51] Network is unreachable
Attempt 2 at connecting failed: OSError: [Errno 51] Network is unreachable
Attempt 3 at connecting failed: OSError: [Errno 51] Network is unreachable
Attempt 4 at connecting failed: OSError: [Errno 51] Network is unreachable
Attempt 5 at connecting failed: OSError: [Errno 51] Network is unreachable
Attempt 6 at connecting failed: OSError: [Errno 51] Network is unreachable
Traceback (most recent call last):
  File "/Users/nardusduplooy/Documents/navigator/read_channels.py", line 82, in <module>
    asyncio.run(main())
    ~~~~~~~~~~~^^^^^^^^
  File "/opt/homebrew/Cellar/python@3.14/3.14.3_1/Frameworks/Python.framework/Versions/3.14/lib/python3.14/asyncio/runners.py", line 204, in run
    return runner.run(main)
           ~~~~~~~~~~^^^^^^
  File "/opt/homebrew/Cellar/python@3.14/3.14.3_1/Frameworks/Python.framework/Versions/3.14/lib/python3.14/asyncio/runners.py", line 127, in run
    return self._loop.run_until_complete(task)
           ~~~~~~~~~~~~~~~~~~~~~~~~~~~~~^^^^^^
  File "/opt/homebrew/Cellar/python@3.14/3.14.3_1/Frameworks/Python.framework/Versions/3.14/lib/python3.14/asyncio/base_events.py", line 719, in run_until_complete
    return future.result()
           ~~~~~~~~~~~~~^^
  File "/Users/nardusduplooy/Documents/navigator/read_channels.py", line 40, in main
    await client.start()
  File "/Users/nardusduplooy/Documents/navigator/venv/lib/python3.14/site-packages/telethon/client/auth.py", line 135, in _start
    await self.connect()
  File "/Users/nardusduplooy/Documents/navigator/venv/lib/python3.14/site-packages/telethon/client/telegrambaseclient.py", line 552, in connect
    if not await self._sender.connect(self._connection(
           ^^^^^^^^^^^^^^^^^^^^^^^^^^^^^^^^^^^^^^^^^^^^
    ...<6 lines>...
    )):
    ^^
  File "/Users/nardusduplooy/Documents/navigator/venv/lib/python3.14/site-packages/telethon/network/mtprotosender.py", line 133, in connect
    await self._connect()
  File "/Users/nardusduplooy/Documents/navigator/venv/lib/python3.14/site-packages/telethon/network/mtprotosender.py", line 266, in _connect
    raise ConnectionError('Connection to Telegram failed {} time(s)'.format(self._retries))
ConnectionError: Connection to Telegram failed 5 time(s)
Traceback (most recent call last):
  File "/Users/nardusduplooy/Documents/navigator/venv/lib/python3.14/site-packages/httpx/_transports/default.py", line 101, in map_httpcore_exceptions
    yield
  File "/Users/nardusduplooy/Documents/navigator/venv/lib/python3.14/site-packages/httpx/_transports/default.py", line 394, in handle_async_request
    resp = await self._pool.handle_async_request(req)
           ^^^^^^^^^^^^^^^^^^^^^^^^^^^^^^^^^^^^^^^^^^
  File "/Users/nardusduplooy/Documents/navigator/venv/lib/python3.14/site-packages/httpcore/_async/connection_pool.py", line 256, in handle_async_request
    raise exc from None
  File "/Users/nardusduplooy/Documents/navigator/venv/lib/python3.14/site-packages/httpcore/_async/connection_pool.py", line 236, in handle_async_request
    response = await connection.handle_async_request(
               ^^^^^^^^^^^^^^^^^^^^^^^^^^^^^^^^^^^^^^
        pool_request.request
        ^^^^^^^^^^^^^^^^^^^^
    )
    ^
  File "/Users/nardusduplooy/Documents/navigator/venv/lib/python3.14/site-packages/httpcore/_async/connection.py", line 101, in handle_async_request
    raise exc
  File "/Users/nardusduplooy/Documents/navigator/venv/lib/python3.14/site-packages/httpcore/_async/connection.py", line 78, in handle_async_request
    stream = await self._connect(request)
             ^^^^^^^^^^^^^^^^^^^^^^^^^^^^
  File "/Users/nardusduplooy/Documents/navigator/venv/lib/python3.14/site-packages/httpcore/_async/connection.py", line 124, in _connect
    stream = await self._network_backend.connect_tcp(**kwargs)
             ^^^^^^^^^^^^^^^^^^^^^^^^^^^^^^^^^^^^^^^^^^^^^^^^^
  File "/Users/nardusduplooy/Documents/navigator/venv/lib/python3.14/site-packages/httpcore/_backends/auto.py", line 31, in connect_tcp
    return await self._backend.connect_tcp(
           ^^^^^^^^^^^^^^^^^^^^^^^^^^^^^^^^
    ...<5 lines>...
    )
    ^
  File "/Users/nardusduplooy/Documents/navigator/venv/lib/python3.14/site-packages/httpcore/_backends/anyio.py", line 113, in connect_tcp
    with map_exceptions(exc_map):
         ~~~~~~~~~~~~~~^^^^^^^^^
  File "/opt/homebrew/Cellar/python@3.14/3.14.3_1/Frameworks/Python.framework/Versions/3.14/lib/python3.14/contextlib.py", line 162, in __exit__
    self.gen.throw(value)
    ~~~~~~~~~~~~~~^^^^^^^
  File "/Users/nardusduplooy/Documents/navigator/venv/lib/python3.14/site-packages/httpcore/_exceptions.py", line 14, in map_exceptions
    raise to_exc(exc) from exc
httpcore.ConnectError: [Errno 8] nodename nor servname provided, or not known

The above exception was the direct cause of the following exception:

Traceback (most recent call last):
  File "/Users/nardusduplooy/Documents/navigator/venv/lib/python3.14/site-packages/telegram/request/_httpxrequest.py", line 279, in do_request
    res = await self._client.request(
          ^^^^^^^^^^^^^^^^^^^^^^^^^^^
    ...<6 lines>...
    )
    ^
  File "/Users/nardusduplooy/Documents/navigator/venv/lib/python3.14/site-packages/httpx/_client.py", line 1540, in request
    return await self.send(request, auth=auth, follow_redirects=follow_redirects)
           ^^^^^^^^^^^^^^^^^^^^^^^^^^^^^^^^^^^^^^^^^^^^^^^^^^^^^^^^^^^^^^^^^^^^^^
  File "/Users/nardusduplooy/Documents/navigator/venv/lib/python3.14/site-packages/httpx/_client.py", line 1629, in send
    response = await self._send_handling_auth(
               ^^^^^^^^^^^^^^^^^^^^^^^^^^^^^^^
    ...<4 lines>...
    )
    ^
  File "/Users/nardusduplooy/Documents/navigator/venv/lib/python3.14/site-packages/httpx/_client.py", line 1657, in _send_handling_auth
    response = await self._send_handling_redirects(
               ^^^^^^^^^^^^^^^^^^^^^^^^^^^^^^^^^^^^
    ...<3 lines>...
    )
    ^
  File "/Users/nardusduplooy/Documents/navigator/venv/lib/python3.14/site-packages/httpx/_client.py", line 1694, in _send_handling_redirects
    response = await self._send_single_request(request)
               ^^^^^^^^^^^^^^^^^^^^^^^^^^^^^^^^^^^^^^^^
  File "/Users/nardusduplooy/Documents/navigator/venv/lib/python3.14/site-packages/httpx/_client.py", line 1730, in _send_single_request
    response = await transport.handle_async_request(request)
               ^^^^^^^^^^^^^^^^^^^^^^^^^^^^^^^^^^^^^^^^^^^^^
  File "/Users/nardusduplooy/Documents/navigator/venv/lib/python3.14/site-packages/httpx/_transports/default.py", line 393, in handle_async_request
    with map_httpcore_exceptions():
         ~~~~~~~~~~~~~~~~~~~~~~~^^
  File "/opt/homebrew/Cellar/python@3.14/3.14.3_1/Frameworks/Python.framework/Versions/3.14/lib/python3.14/contextlib.py", line 162, in __exit__
    self.gen.throw(value)
    ~~~~~~~~~~~~~~^^^^^^^
  File "/Users/nardusduplooy/Documents/navigator/venv/lib/python3.14/site-packages/httpx/_transports/default.py", line 118, in map_httpcore_exceptions
    raise mapped_exc(message) from exc
httpx.ConnectError: [Errno 8] nodename nor servname provided, or not known

The above exception was the direct cause of the following exception:

Traceback (most recent call last):
  File "/Users/nardusduplooy/Documents/navigator/scheduler.py", line 20, in <module>
    schedule.run_pending()
    ~~~~~~~~~~~~~~~~~~~~^^
  File "/Users/nardusduplooy/Documents/navigator/venv/lib/python3.14/site-packages/schedule/__init__.py", line 854, in run_pending
    default_scheduler.run_pending()
    ~~~~~~~~~~~~~~~~~~~~~~~~~~~~~^^
  File "/Users/nardusduplooy/Documents/navigator/venv/lib/python3.14/site-packages/schedule/__init__.py", line 101, in run_pending
    self._run_job(job)
    ~~~~~~~~~~~~~^^^^^
  File "/Users/nardusduplooy/Documents/navigator/venv/lib/python3.14/site-packages/schedule/__init__.py", line 173, in _run_job
    ret = job.run()
  File "/Users/nardusduplooy/Documents/navigator/venv/lib/python3.14/site-packages/schedule/__init__.py", line 691, in run
    ret = self.job_func()
  File "/Users/nardusduplooy/Documents/navigator/scheduler.py", line 11, in job
    asyncio.run(__import__('daily_briefing').send_daily_briefing())
                ~~~~~~~~~~^^^^^^^^^^^^^^^^^^
  File "/Users/nardusduplooy/Documents/navigator/daily_briefing.py", line 180, in <module>
    asyncio.run(send_daily_briefing())
    ~~~~~~~~~~~^^^^^^^^^^^^^^^^^^^^^^^
  File "/opt/homebrew/Cellar/python@3.14/3.14.3_1/Frameworks/Python.framework/Versions/3.14/lib/python3.14/asyncio/runners.py", line 204, in run
    return runner.run(main)
           ~~~~~~~~~~^^^^^^
  File "/opt/homebrew/Cellar/python@3.14/3.14.3_1/Frameworks/Python.framework/Versions/3.14/lib/python3.14/asyncio/runners.py", line 127, in run
    return self._loop.run_until_complete(task)
           ~~~~~~~~~~~~~~~~~~~~~~~~~~~~~^^^^^^
  File "/opt/homebrew/Cellar/python@3.14/3.14.3_1/Frameworks/Python.framework/Versions/3.14/lib/python3.14/asyncio/base_events.py", line 719, in run_until_complete
    return future.result()
           ~~~~~~~~~~~~~^^
  File "/Users/nardusduplooy/Documents/navigator/daily_briefing.py", line 172, in send_daily_briefing
    await bot.send_message(
    ...<4 lines>...
    )
  File "/Users/nardusduplooy/Documents/navigator/venv/lib/python3.14/site-packages/telegram/_bot.py", line 1122, in send_message
    return await self._send_message(
           ^^^^^^^^^^^^^^^^^^^^^^^^^
    ...<21 lines>...
    )
    ^
  File "/Users/nardusduplooy/Documents/navigator/venv/lib/python3.14/site-packages/telegram/_bot.py", line 819, in _send_message
    result = await self._post(
             ^^^^^^^^^^^^^^^^^
    ...<7 lines>...
    )
    ^
  File "/Users/nardusduplooy/Documents/navigator/venv/lib/python3.14/site-packages/telegram/_bot.py", line 703, in _post
    return await self._do_post(
           ^^^^^^^^^^^^^^^^^^^^
    ...<6 lines>...
    )
    ^
  File "/Users/nardusduplooy/Documents/navigator/venv/lib/python3.14/site-packages/telegram/_bot.py", line 732, in _do_post
    result = await request.post(
             ^^^^^^^^^^^^^^^^^^^
    ...<6 lines>...
    )
    ^
  File "/Users/nardusduplooy/Documents/navigator/venv/lib/python3.14/site-packages/telegram/request/_baserequest.py", line 198, in post
    result = await self._request_wrapper(
             ^^^^^^^^^^^^^^^^^^^^^^^^^^^^
    ...<7 lines>...
    )
    ^
  File "/Users/nardusduplooy/Documents/navigator/venv/lib/python3.14/site-packages/telegram/request/_baserequest.py", line 305, in _request_wrapper
    code, payload = await self.do_request(
                    ^^^^^^^^^^^^^^^^^^^^^^
    ...<7 lines>...
    )
    ^
  File "/Users/nardusduplooy/Documents/navigator/venv/lib/python3.14/site-packages/telegram/request/_httpxrequest.py", line 303, in do_request
    raise NetworkError(f"httpx.{err.__class__.__name__}: {err}") from err
telegram.error.NetworkError: httpx.ConnectError: [Errno 8] nodename nor servname provided, or not known
